<?xml version="1.0" encoding="UTF-8"?>
<!-- Generated by org.testng.reporters.JUnitXMLReporter -->
<testsuite ignored="0" hostname="LAPTOP-L754054H" failures="1" tests="1" name="Run 1" time="43.652" errors="0" timestamp="2026-04-21T18:51:55 IST">
  <testcase classname="io.cucumber.testng.AbstractTestNGCucumberTests" name="runScenario" time="41.467">
    <failure type="java.lang.AssertionError" message="Login is failed because user is not registered">
      <![CDATA[java.lang.AssertionError: Login is failed because user is not registered
at stepDefinitions.loginStepDefinition.enter_password(loginStepDefinition.java:84)
at ✽.Enter the valid password "Test@123" into password field(file:///C:/Users/mayan/eclipse-workspace/AutomationAmazonWeb/src/test/java/features/AmazonPurchase.feature:17)
... Removed 1 stack frames]]>
    </failure>
  </testcase> <!-- runScenario -->
</testsuite> <!-- Run 1 -->
