<?xml version="1.0" encoding="UTF-8"?>
<!-- Generated by org.testng.reporters.JUnitXMLReporter -->
<testsuite ignored="0" hostname="LAPTOP-L754054H" failures="2" tests="2" name="Main Execution" time="45.05" errors="0" timestamp="2026-04-23T12:42:42 IST">
  <testcase classname="io.cucumber.testng.AbstractTestNGCucumberTests" name="runScenario" time="23.7">
    <failure type="java.lang.AssertionError" message="❌ Page title does not contain product name expected [true] but found [false]">
      <![CDATA[java.lang.AssertionError: ❌ Page title does not contain product name expected [true] but found [false]
at stepDefinitions.searchProductStepDefinition.verify_search_results(searchProductStepDefinition.java:46)
at ✽.All "Thermometer" results should be shown on the page(file:///C:/Users/mayan/eclipse-workspace/AutomationAmazonWeb/src/test/java/features/AmazonPurchase.feature:23)
... Removed 3 stack frames]]>
    </failure>
  </testcase> <!-- runScenario -->
  <testcase classname="io.cucumber.testng.AbstractTestNGCucumberTests" name="runScenario" time="42.452">
    <failure type="java.lang.AssertionError" message="Login is failed because user is not registered">
      <![CDATA[java.lang.AssertionError: Login is failed because user is not registered
at stepDefinitions.loginStepDefinition.enter_password(loginStepDefinition.java:84)
at ✽.Enter the valid password "Test@123" into password field(file:///C:/Users/mayan/eclipse-workspace/AutomationAmazonWeb/src/test/java/features/AmazonPurchase.feature:17)
... Removed 1 stack frames]]>
    </failure>
  </testcase> <!-- runScenario -->
</testsuite> <!-- Main Execution -->
