<?xml version="1.0" encoding="UTF-8"?>
<!-- Generated by org.testng.reporters.JUnitXMLReporter -->
<testsuite ignored="0" hostname="LAPTOP-L754054H" failures="2" tests="2" name="Command line test" time="0.185" errors="0" timestamp="2026-04-24T18:11:53 IST">
  <testcase classname="io.cucumber.testng.AbstractTestNGCucumberTests" name="runScenario" time="0.064">
    <failure type="java.lang.RuntimeException" message="❌ Browser value is NULL. Check TestRunner setup">
      <![CDATA[java.lang.RuntimeException: ❌ Browser value is NULL. Check TestRunner setup
at stepDefinitions.hooks.setup(hooks.java:28)
]]>
    </failure>
  </testcase> <!-- runScenario -->
  <testcase classname="io.cucumber.testng.AbstractTestNGCucumberTests" name="runScenario" time="0.036">
    <failure type="java.lang.RuntimeException" message="❌ Browser value is NULL. Check TestRunner setup">
      <![CDATA[java.lang.RuntimeException: ❌ Browser value is NULL. Check TestRunner setup
at stepDefinitions.hooks.setup(hooks.java:28)
]]>
    </failure>
  </testcase> <!-- runScenario -->
</testsuite> <!-- Command line test -->
