<?xml version="1.0" encoding="UTF-8"?>
<testng-results ignored="0" total="6" passed="6" failed="0" skipped="0">
  <reporter-output>
  </reporter-output>
  <suite started-at="2026-04-29T23:01:27 IST" name="CrossBrowserSuite" finished-at="2026-04-29T23:02:54 IST" duration-ms="87058">
    <groups>
      <group name="cucumber">
        <method signature="AbstractTestNGCucumberTests.runScenario(io.cucumber.testng.PickleWrapper,io.cucumber.testng.FeatureWrapper)[pri:0, instance:testRunner.testRunner@175b9425]" name="runScenario" class="io.cucumber.testng.AbstractTestNGCucumberTests"/>
        <method signature="AbstractTestNGCucumberTests.runScenario(io.cucumber.testng.PickleWrapper,io.cucumber.testng.FeatureWrapper)[pri:0, instance:testRunner.testRunner@2525ff7e]" name="runScenario" class="io.cucumber.testng.AbstractTestNGCucumberTests"/>
      </group> <!-- cucumber -->
    </groups>
    <test started-at="2026-04-29T23:01:27 IST" name="EdgeTest" finished-at="2026-04-29T23:02:54 IST" duration-ms="86908">
      <class name="testRunner.testRunner">
        <test-method is-config="true" signature="setUpClass(org.testng.ITestContext)[pri:0, instance:testRunner.testRunner@2525ff7e]" started-at="2026-04-29T23:01:27 IST" name="setUpClass" finished-at="2026-04-29T23:01:29 IST" duration-ms="1321" status="PASS">
          <params>
            <param index="0">
              <value>
                <![CDATA[org.testng.TestRunner@383bfa16]]>
              </value>
            </param>
          </params>
          <reporter-output>
          </reporter-output>
        </test-method> <!-- setUpClass -->
        <test-method is-config="true" signature="setUp(java.lang.String)[pri:0, instance:testRunner.testRunner@2525ff7e]" started-at="2026-04-29T23:01:29 IST" name="setUp" finished-at="2026-04-29T23:01:29 IST" duration-ms="3" status="PASS">
          <params>
            <param index="0">
              <value>
                <![CDATA[edge]]>
              </value>
            </param>
          </params>
          <reporter-output>
          </reporter-output>
        </test-method> <!-- setUp -->
        <test-method is-config="true" signature="setUp(java.lang.String)[pri:0, instance:testRunner.testRunner@2525ff7e]" started-at="2026-04-29T23:01:29 IST" name="setUp" finished-at="2026-04-29T23:01:29 IST" duration-ms="3" status="PASS">
          <params>
            <param index="0">
              <value>
                <![CDATA[edge]]>
              </value>
            </param>
          </params>
          <reporter-output>
          </reporter-output>
        </test-method> <!-- setUp -->
        <test-method is-config="true" signature="setUp(java.lang.String)[pri:0, instance:testRunner.testRunner@2525ff7e]" started-at="2026-04-29T23:01:29 IST" name="setUp" finished-at="2026-04-29T23:01:29 IST" duration-ms="3" status="PASS">
          <params>
            <param index="0">
              <value>
                <![CDATA[edge]]>
              </value>
            </param>
          </params>
          <reporter-output>
          </reporter-output>
        </test-method> <!-- setUp -->
        <test-method signature="runScenario(io.cucumber.testng.PickleWrapper,io.cucumber.testng.FeatureWrapper)[pri:0, instance:testRunner.testRunner@2525ff7e]" started-at="2026-04-29T23:01:29 IST" name="runScenario" description="Runs Cucumber Scenarios" data-provider="scenarios" finished-at="2026-04-29T23:01:56 IST" duration-ms="26872" status="PASS">
          <params>
            <param index="0">
              <value>
                <![CDATA["Valid user enters wrong password"]]>
              </value>
            </param>
            <param index="1">
              <value>
                <![CDATA["End to End Amazon Shopping Flow"]]>
              </value>
            </param>
          </params>
          <reporter-output>
          </reporter-output>
        </test-method> <!-- runScenario -->
        <test-method signature="runScenario(io.cucumber.testng.PickleWrapper,io.cucumber.testng.FeatureWrapper)[pri:0, instance:testRunner.testRunner@2525ff7e]" started-at="2026-04-29T23:01:29 IST" name="runScenario" description="Runs Cucumber Scenarios" data-provider="scenarios" finished-at="2026-04-29T23:02:54 IST" duration-ms="84866" status="PASS">
          <params>
            <param index="0">
              <value>
                <![CDATA["Valid user adds product to cart"]]>
              </value>
            </param>
            <param index="1">
              <value>
                <![CDATA["End to End Amazon Shopping Flow"]]>
              </value>
            </param>
          </params>
          <reporter-output>
          </reporter-output>
        </test-method> <!-- runScenario -->
        <test-method signature="runScenario(io.cucumber.testng.PickleWrapper,io.cucumber.testng.FeatureWrapper)[pri:0, instance:testRunner.testRunner@2525ff7e]" started-at="2026-04-29T23:01:29 IST" name="runScenario" description="Runs Cucumber Scenarios" data-provider="scenarios" finished-at="2026-04-29T23:01:47 IST" duration-ms="17986" status="PASS">
          <params>
            <param index="0">
              <value>
                <![CDATA["Invalid user should not login"]]>
              </value>
            </param>
            <param index="1">
              <value>
                <![CDATA["End to End Amazon Shopping Flow"]]>
              </value>
            </param>
          </params>
          <reporter-output>
          </reporter-output>
        </test-method> <!-- runScenario -->
        <test-method is-config="true" signature="tearDownClass()[pri:0, instance:testRunner.testRunner@2525ff7e]" started-at="2026-04-29T23:02:54 IST" name="tearDownClass" finished-at="2026-04-29T23:02:54 IST" duration-ms="651" status="PASS">
          <reporter-output>
          </reporter-output>
        </test-method> <!-- tearDownClass -->
      </class> <!-- testRunner.testRunner -->
    </test> <!-- EdgeTest -->
    <test started-at="2026-04-29T23:01:27 IST" name="ChromeTest" finished-at="2026-04-29T23:02:54 IST" duration-ms="87058">
      <class name="testRunner.testRunner">
        <test-method is-config="true" signature="setUpClass(org.testng.ITestContext)[pri:0, instance:testRunner.testRunner@175b9425]" started-at="2026-04-29T23:01:27 IST" name="setUpClass" finished-at="2026-04-29T23:01:29 IST" duration-ms="1321" status="PASS">
          <params>
            <param index="0">
              <value>
                <![CDATA[org.testng.TestRunner@71def8f8]]>
              </value>
            </param>
          </params>
          <reporter-output>
          </reporter-output>
        </test-method> <!-- setUpClass -->
        <test-method is-config="true" signature="setUp(java.lang.String)[pri:0, instance:testRunner.testRunner@175b9425]" started-at="2026-04-29T23:01:29 IST" name="setUp" finished-at="2026-04-29T23:01:29 IST" duration-ms="3" status="PASS">
          <params>
            <param index="0">
              <value>
                <![CDATA[chrome]]>
              </value>
            </param>
          </params>
          <reporter-output>
          </reporter-output>
        </test-method> <!-- setUp -->
        <test-method is-config="true" signature="setUp(java.lang.String)[pri:0, instance:testRunner.testRunner@175b9425]" started-at="2026-04-29T23:01:29 IST" name="setUp" finished-at="2026-04-29T23:01:29 IST" duration-ms="3" status="PASS">
          <params>
            <param index="0">
              <value>
                <![CDATA[chrome]]>
              </value>
            </param>
          </params>
          <reporter-output>
          </reporter-output>
        </test-method> <!-- setUp -->
        <test-method is-config="true" signature="setUp(java.lang.String)[pri:0, instance:testRunner.testRunner@175b9425]" started-at="2026-04-29T23:01:29 IST" name="setUp" finished-at="2026-04-29T23:01:29 IST" duration-ms="3" status="PASS">
          <params>
            <param index="0">
              <value>
                <![CDATA[chrome]]>
              </value>
            </param>
          </params>
          <reporter-output>
          </reporter-output>
        </test-method> <!-- setUp -->
        <test-method signature="runScenario(io.cucumber.testng.PickleWrapper,io.cucumber.testng.FeatureWrapper)[pri:0, instance:testRunner.testRunner@175b9425]" started-at="2026-04-29T23:01:29 IST" name="runScenario" description="Runs Cucumber Scenarios" data-provider="scenarios" finished-at="2026-04-29T23:01:50 IST" duration-ms="21103" status="PASS">
          <params>
            <param index="0">
              <value>
                <![CDATA["Valid user enters wrong password"]]>
              </value>
            </param>
            <param index="1">
              <value>
                <![CDATA["End to End Amazon Shopping Flow"]]>
              </value>
            </param>
          </params>
          <reporter-output>
          </reporter-output>
        </test-method> <!-- runScenario -->
        <test-method signature="runScenario(io.cucumber.testng.PickleWrapper,io.cucumber.testng.FeatureWrapper)[pri:0, instance:testRunner.testRunner@175b9425]" started-at="2026-04-29T23:01:29 IST" name="runScenario" description="Runs Cucumber Scenarios" data-provider="scenarios" finished-at="2026-04-29T23:02:54 IST" duration-ms="85626" status="PASS">
          <params>
            <param index="0">
              <value>
                <![CDATA["Valid user adds product to cart"]]>
              </value>
            </param>
            <param index="1">
              <value>
                <![CDATA["End to End Amazon Shopping Flow"]]>
              </value>
            </param>
          </params>
          <reporter-output>
          </reporter-output>
        </test-method> <!-- runScenario -->
        <test-method signature="runScenario(io.cucumber.testng.PickleWrapper,io.cucumber.testng.FeatureWrapper)[pri:0, instance:testRunner.testRunner@175b9425]" started-at="2026-04-29T23:01:29 IST" name="runScenario" description="Runs Cucumber Scenarios" data-provider="scenarios" finished-at="2026-04-29T23:01:47 IST" duration-ms="18540" status="PASS">
          <params>
            <param index="0">
              <value>
                <![CDATA["Invalid user should not login"]]>
              </value>
            </param>
            <param index="1">
              <value>
                <![CDATA["End to End Amazon Shopping Flow"]]>
              </value>
            </param>
          </params>
          <reporter-output>
          </reporter-output>
        </test-method> <!-- runScenario -->
        <test-method is-config="true" signature="tearDownClass()[pri:0, instance:testRunner.testRunner@175b9425]" started-at="2026-04-29T23:02:54 IST" name="tearDownClass" finished-at="2026-04-29T23:02:54 IST" duration-ms="47" status="PASS">
          <reporter-output>
          </reporter-output>
        </test-method> <!-- tearDownClass -->
      </class> <!-- testRunner.testRunner -->
    </test> <!-- ChromeTest -->
  </suite> <!-- CrossBrowserSuite -->
</testng-results>
