<?xml version="1.0" encoding="UTF-8"?>
<testng-results ignored="0" total="6" passed="6" failed="0" skipped="0">
  <reporter-output>
  </reporter-output>
  <suite started-at="2026-04-30T16:34:17 IST" name="CrossBrowserSuite" finished-at="2026-04-30T16:35:52 IST" duration-ms="95310">
    <groups>
      <group name="cucumber">
        <method signature="AbstractTestNGCucumberTests.runScenario(io.cucumber.testng.PickleWrapper,io.cucumber.testng.FeatureWrapper)[pri:0, instance:testRunner.testRunner@21b2e768]" name="runScenario" class="io.cucumber.testng.AbstractTestNGCucumberTests"/>
        <method signature="AbstractTestNGCucumberTests.runScenario(io.cucumber.testng.PickleWrapper,io.cucumber.testng.FeatureWrapper)[pri:0, instance:testRunner.testRunner@4ef37659]" name="runScenario" class="io.cucumber.testng.AbstractTestNGCucumberTests"/>
      </group> <!-- cucumber -->
    </groups>
    <test started-at="2026-04-30T16:34:17 IST" name="EdgeTest" finished-at="2026-04-30T16:35:52 IST" duration-ms="95310">
      <class name="testRunner.testRunner">
        <test-method is-config="true" signature="setUpClass(org.testng.ITestContext)[pri:0, instance:testRunner.testRunner@4ef37659]" started-at="2026-04-30T16:34:17 IST" name="setUpClass" finished-at="2026-04-30T16:34:18 IST" duration-ms="1698" status="PASS">
          <params>
            <param index="0">
              <value>
                <![CDATA[org.testng.TestRunner@32ee6fee]]>
              </value>
            </param>
          </params>
          <reporter-output>
          </reporter-output>
        </test-method> <!-- setUpClass -->
        <test-method is-config="true" signature="setUp(java.lang.String)[pri:0, instance:testRunner.testRunner@4ef37659]" started-at="2026-04-30T16:34:18 IST" name="setUp" finished-at="2026-04-30T16:34:18 IST" duration-ms="3" status="PASS">
          <params>
            <param index="0">
              <value>
                <![CDATA[edge]]>
              </value>
            </param>
          </params>
          <reporter-output>
          </reporter-output>
        </test-method> <!-- setUp -->
        <test-method is-config="true" signature="setUp(java.lang.String)[pri:0, instance:testRunner.testRunner@4ef37659]" started-at="2026-04-30T16:34:18 IST" name="setUp" finished-at="2026-04-30T16:34:18 IST" duration-ms="3" status="PASS">
          <params>
            <param index="0">
              <value>
                <![CDATA[edge]]>
              </value>
            </param>
          </params>
          <reporter-output>
          </reporter-output>
        </test-method> <!-- setUp -->
        <test-method is-config="true" signature="setUp(java.lang.String)[pri:0, instance:testRunner.testRunner@4ef37659]" started-at="2026-04-30T16:34:18 IST" name="setUp" finished-at="2026-04-30T16:34:18 IST" duration-ms="3" status="PASS">
          <params>
            <param index="0">
              <value>
                <![CDATA[edge]]>
              </value>
            </param>
          </params>
          <reporter-output>
          </reporter-output>
        </test-method> <!-- setUp -->
        <test-method signature="runScenario(io.cucumber.testng.PickleWrapper,io.cucumber.testng.FeatureWrapper)[pri:0, instance:testRunner.testRunner@4ef37659]" started-at="2026-04-30T16:34:18 IST" name="runScenario" description="Runs Cucumber Scenarios" data-provider="scenarios" finished-at="2026-04-30T16:34:42 IST" duration-ms="23945" status="PASS">
          <params>
            <param index="0">
              <value>
                <![CDATA["Invalid user should not login"]]>
              </value>
            </param>
            <param index="1">
              <value>
                <![CDATA["End to End Amazon Shopping Flow"]]>
              </value>
            </param>
          </params>
          <reporter-output>
          </reporter-output>
        </test-method> <!-- runScenario -->
        <test-method signature="runScenario(io.cucumber.testng.PickleWrapper,io.cucumber.testng.FeatureWrapper)[pri:0, instance:testRunner.testRunner@4ef37659]" started-at="2026-04-30T16:34:18 IST" name="runScenario" description="Runs Cucumber Scenarios" data-provider="scenarios" finished-at="2026-04-30T16:35:51 IST" duration-ms="92914" status="PASS">
          <params>
            <param index="0">
              <value>
                <![CDATA["Valid user adds product to cart"]]>
              </value>
            </param>
            <param index="1">
              <value>
                <![CDATA["End to End Amazon Shopping Flow"]]>
              </value>
            </param>
          </params>
          <reporter-output>
          </reporter-output>
        </test-method> <!-- runScenario -->
        <test-method signature="runScenario(io.cucumber.testng.PickleWrapper,io.cucumber.testng.FeatureWrapper)[pri:0, instance:testRunner.testRunner@4ef37659]" started-at="2026-04-30T16:34:18 IST" name="runScenario" description="Runs Cucumber Scenarios" data-provider="scenarios" finished-at="2026-04-30T16:34:43 IST" duration-ms="24645" status="PASS">
          <params>
            <param index="0">
              <value>
                <![CDATA["Valid user enters wrong password"]]>
              </value>
            </param>
            <param index="1">
              <value>
                <![CDATA["End to End Amazon Shopping Flow"]]>
              </value>
            </param>
          </params>
          <reporter-output>
          </reporter-output>
        </test-method> <!-- runScenario -->
        <test-method is-config="true" signature="tearDownClass()[pri:0, instance:testRunner.testRunner@4ef37659]" started-at="2026-04-30T16:35:51 IST" name="tearDownClass" finished-at="2026-04-30T16:35:52 IST" duration-ms="572" status="PASS">
          <reporter-output>
          </reporter-output>
        </test-method> <!-- tearDownClass -->
      </class> <!-- testRunner.testRunner -->
    </test> <!-- EdgeTest -->
    <test started-at="2026-04-30T16:34:17 IST" name="ChromeTest" finished-at="2026-04-30T16:35:52 IST" duration-ms="95310">
      <class name="testRunner.testRunner">
        <test-method is-config="true" signature="setUpClass(org.testng.ITestContext)[pri:0, instance:testRunner.testRunner@21b2e768]" started-at="2026-04-30T16:34:17 IST" name="setUpClass" finished-at="2026-04-30T16:34:18 IST" duration-ms="1698" status="PASS">
          <params>
            <param index="0">
              <value>
                <![CDATA[org.testng.TestRunner@5562c41e]]>
              </value>
            </param>
          </params>
          <reporter-output>
          </reporter-output>
        </test-method> <!-- setUpClass -->
        <test-method is-config="true" signature="setUp(java.lang.String)[pri:0, instance:testRunner.testRunner@21b2e768]" started-at="2026-04-30T16:34:18 IST" name="setUp" finished-at="2026-04-30T16:34:18 IST" duration-ms="3" status="PASS">
          <params>
            <param index="0">
              <value>
                <![CDATA[chrome]]>
              </value>
            </param>
          </params>
          <reporter-output>
          </reporter-output>
        </test-method> <!-- setUp -->
        <test-method is-config="true" signature="setUp(java.lang.String)[pri:0, instance:testRunner.testRunner@21b2e768]" started-at="2026-04-30T16:34:18 IST" name="setUp" finished-at="2026-04-30T16:34:18 IST" duration-ms="3" status="PASS">
          <params>
            <param index="0">
              <value>
                <![CDATA[chrome]]>
              </value>
            </param>
          </params>
          <reporter-output>
          </reporter-output>
        </test-method> <!-- setUp -->
        <test-method is-config="true" signature="setUp(java.lang.String)[pri:0, instance:testRunner.testRunner@21b2e768]" started-at="2026-04-30T16:34:18 IST" name="setUp" finished-at="2026-04-30T16:34:18 IST" duration-ms="3" status="PASS">
          <params>
            <param index="0">
              <value>
                <![CDATA[chrome]]>
              </value>
            </param>
          </params>
          <reporter-output>
          </reporter-output>
        </test-method> <!-- setUp -->
        <test-method signature="runScenario(io.cucumber.testng.PickleWrapper,io.cucumber.testng.FeatureWrapper)[pri:0, instance:testRunner.testRunner@21b2e768]" started-at="2026-04-30T16:34:18 IST" name="runScenario" description="Runs Cucumber Scenarios" data-provider="scenarios" finished-at="2026-04-30T16:34:42 IST" duration-ms="23620" status="PASS">
          <params>
            <param index="0">
              <value>
                <![CDATA["Invalid user should not login"]]>
              </value>
            </param>
            <param index="1">
              <value>
                <![CDATA["End to End Amazon Shopping Flow"]]>
              </value>
            </param>
          </params>
          <reporter-output>
          </reporter-output>
        </test-method> <!-- runScenario -->
        <test-method signature="runScenario(io.cucumber.testng.PickleWrapper,io.cucumber.testng.FeatureWrapper)[pri:0, instance:testRunner.testRunner@21b2e768]" started-at="2026-04-30T16:34:18 IST" name="runScenario" description="Runs Cucumber Scenarios" data-provider="scenarios" finished-at="2026-04-30T16:34:44 IST" duration-ms="26041" status="PASS">
          <params>
            <param index="0">
              <value>
                <![CDATA["Valid user enters wrong password"]]>
              </value>
            </param>
            <param index="1">
              <value>
                <![CDATA["End to End Amazon Shopping Flow"]]>
              </value>
            </param>
          </params>
          <reporter-output>
          </reporter-output>
        </test-method> <!-- runScenario -->
        <test-method signature="runScenario(io.cucumber.testng.PickleWrapper,io.cucumber.testng.FeatureWrapper)[pri:0, instance:testRunner.testRunner@21b2e768]" started-at="2026-04-30T16:34:18 IST" name="runScenario" description="Runs Cucumber Scenarios" data-provider="scenarios" finished-at="2026-04-30T16:35:52 IST" duration-ms="93351" status="PASS">
          <params>
            <param index="0">
              <value>
                <![CDATA["Valid user adds product to cart"]]>
              </value>
            </param>
            <param index="1">
              <value>
                <![CDATA["End to End Amazon Shopping Flow"]]>
              </value>
            </param>
          </params>
          <reporter-output>
          </reporter-output>
        </test-method> <!-- runScenario -->
        <test-method is-config="true" signature="tearDownClass()[pri:0, instance:testRunner.testRunner@21b2e768]" started-at="2026-04-30T16:35:52 IST" name="tearDownClass" finished-at="2026-04-30T16:35:52 IST" duration-ms="139" status="PASS">
          <reporter-output>
          </reporter-output>
        </test-method> <!-- tearDownClass -->
      </class> <!-- testRunner.testRunner -->
    </test> <!-- ChromeTest -->
  </suite> <!-- CrossBrowserSuite -->
</testng-results>
