<?xml version="1.0" encoding="UTF-8"?>
<!-- Generated by org.testng.reporters.JUnitReportReporter -->
<testsuite hostname="LAPTOP-L754054H" failures="0" tests="2" name="testRunner.failedTestRunner" time="0.100" errors="2" timestamp="2026-04-24T18:11:53 IST" skipped="0">
  <testcase classname="testRunner.failedTestRunner" name="runScenario" time="0.036">
    <error message="❌ Browser value is NULL. Check TestRunner setup" type="java.lang.RuntimeException">
      <![CDATA[java.lang.RuntimeException: ❌ Browser value is NULL. Check TestRunner setup
at stepDefinitions.hooks.setup(hooks.java:28)
]]>
    </error>
  </testcase> <!-- runScenario -->
  <testcase classname="testRunner.failedTestRunner" name="runScenario" time="0.064">
    <error message="❌ Browser value is NULL. Check TestRunner setup" type="java.lang.RuntimeException">
      <![CDATA[java.lang.RuntimeException: ❌ Browser value is NULL. Check TestRunner setup
at stepDefinitions.hooks.setup(hooks.java:28)
]]>
    </error>
  </testcase> <!-- runScenario -->
</testsuite> <!-- testRunner.failedTestRunner -->
