<?xml version="1.0" encoding="UTF-8"?>
<!-- Generated by org.testng.reporters.JUnitReportReporter -->
<testsuite hostname="LAPTOP-L754054H" failures="0" tests="6" name="testRunner.testRunner" time="284.534" errors="0" timestamp="2026-04-30T16:35:52 IST" skipped="0">
  <testcase classname="testRunner.testRunner" name="runScenario" time="23.623"/>
  <testcase classname="testRunner.testRunner" name="runScenario" time="26.044"/>
  <testcase classname="testRunner.testRunner" name="runScenario" time="23.948"/>
  <testcase classname="testRunner.testRunner" name="runScenario" time="92.917"/>
  <testcase classname="testRunner.testRunner" name="runScenario" time="24.648"/>
  <testcase classname="testRunner.testRunner" name="runScenario" time="93.354"/>
</testsuite> <!-- testRunner.testRunner -->
