<?xml version="1.0" encoding="UTF-8"?>
<!-- Generated by org.testng.reporters.JUnitReportReporter -->
<testsuite hostname="LAPTOP-L754054H" failures="0" tests="6" name="testRunner.testRunner" time="255.011" errors="0" timestamp="2026-04-29T23:02:54 IST" skipped="0">
  <testcase classname="testRunner.testRunner" name="runScenario" time="26.875"/>
  <testcase classname="testRunner.testRunner" name="runScenario" time="21.106"/>
  <testcase classname="testRunner.testRunner" name="runScenario" time="85.629"/>
  <testcase classname="testRunner.testRunner" name="runScenario" time="84.869"/>
  <testcase classname="testRunner.testRunner" name="runScenario" time="17.989"/>
  <testcase classname="testRunner.testRunner" name="runScenario" time="18.543"/>
</testsuite> <!-- testRunner.testRunner -->
